<?xml version="1.0" encoding="UTF-8"?>
<!-- Generated by org.testng.reporters.JUnitReportReporter -->
<testsuite hostname="AQMITLPT-11202" failures="0" tests="2" name="TestLauncher.TestRunner" time="15.507" errors="0" timestamp="2023-05-24T17:29:07 IST" skipped="0">
  <testcase classname="TestLauncher.TestRunner" name="runScenario" time="7.560"/>
  <system-out/>
  <testcase classname="TestLauncher.TestRunner" name="runScenario" time="7.947"/>
  <system-out/>
</testsuite> <!-- TestLauncher.TestRunner -->
